***************************************************************************
*                       SPARC (version Oct 31, 2023)                      *
*   Copyright (c) 2020 Material Physics & Mechanics Group, Georgia Tech   *
*           Distributed under GNU General Public License 3 (GPL)          *
*                   Start time: Wed Nov  8 12:27:04 2023                  *
***************************************************************************
                           Input parameters                                
***************************************************************************
LATVEC_SCALE: 7.653391 7.653391 7.653391 
LATVEC:
1.000000000000000 0.000000000000000 0.000000000000000 
0.000000000000000 1.000000000000000 0.000000000000000 
0.000000000000000 0.000000000000000 1.000000000000000 
FD_GRID: 40 40 40
FD_ORDER: 12
BC: P P P
KPOINT_GRID: 11 11 11
KPOINT_SHIFT: 0 0 0
SPIN_TYP: 0
ELEC_TEMP_TYPE: Fermi-Dirac
SMEARING: 0.0009999999215
EXCHANGE_CORRELATION: GGA_PBE
NSTATES: 12
CHEB_DEGREE: 36
CHEFSI_BOUND_FLAG: 0
CALC_STRESS: 0
CALC_PRES: 0
MAXIT_SCF: 100
MINIT_SCF: 2
MAXIT_POISSON: 3000
TOL_SCF: 1.00E-05
POISSON_SOLVER: AAR
TOL_POISSON: 1.00E-07
TOL_LANCZOS: 1.00E-02
TOL_PSEUDOCHARGE: 1.00E-08
MIXING_VARIABLE: density
MIXING_PRECOND: kerker
TOL_PRECOND: 3.66E-05
PRECOND_KERKER_KTF: 1
PRECOND_KERKER_THRESH: 0.1
MIXING_PARAMETER: 0.1
MIXING_HISTORY: 7
PULAY_FREQUENCY: 1
PULAY_RESTART: 0
REFERENCE_CUTOFF: 0.5
RHO_TRIGGER: 4
NUM_CHEFSI: 1
FIX_RAND: 0
VERBOSITY: 1
PRINT_FORCES: 1
PRINT_ATOMS: 1
PRINT_EIGEN: 1
PRINT_DENSITY: 1
PRINT_ENERGY_DENSITY: 0
OUTPUT_FILE: AL_58_TRICLINIC_4_ATOMS
***************************************************************************
                                Cell                                       
***************************************************************************
Lattice vectors (Bohr):
7.653391000000000 0.000000000000000 0.000000000000000 
0.000000000000000 7.653391000000000 0.000000000000000 
0.000000000000000 0.000000000000000 7.653391000000000 
Volume: 4.4829273833E+02 (Bohr^3)
Density: 2.4074928093E-01 (amu/Bohr^3), 2.6978058821E+00 (g/cc)
***************************************************************************
                           Parallelization                                 
***************************************************************************
NP_SPIN_PARAL: 1
NP_KPOINT_PARAL: 96
NP_BAND_PARAL: 2
NP_DOMAIN_PARAL: 1 1 1
NP_DOMAIN_PHI_PARAL: 5 6 6
EIG_SERIAL_MAXNS: 1500
***************************************************************************
                             Initialization                                
***************************************************************************
Number of processors               :  192
Mesh spacing                       :  0.191335 (Bohr)
Number of symmetry adapted k-points:  666
Output printed to                  :  AL_58_TRICLINIC_4_ATOMS.out
Final eigenvalues printed to       :  AL_58_TRICLINIC_4_ATOMS.eigen
Total number of atom types         :  1
Total number of atoms              :  4
Total number of electrons          :  12
Atom type 1  (valence electrons)   :  Al 3
Pseudopotential                    :  /storage/home/hcoda1/5/strivedi44/scratch/SPARC/psps/13_Al_3_1.9_1.9_pbe_n_v1.0.psp8
Atomic mass                        :  26.9815386
Pseudocharge radii of atom type 1  :  6.70 6.70 6.70 (x, y, z dir)
Number of atoms of type 1          :  4
Estimated total memory usage       :  15.05 GB
Estimated memory per processor     :  80.24 MB
===================================================================
                    Self Consistent Field (SCF#1)                     
===================================================================
Iteration     Free Energy (Ha/atom)   SCF Error        Timing (sec)
1            -2.2846476935E+00        2.056E-01        25.558
2            -2.2896621386E+00        1.867E-01        5.839
3            -2.2855776237E+00        3.163E-02        5.821
4            -2.2855379329E+00        2.570E-02        5.874
5            -2.2855080821E+00        1.070E-02        5.831
6            -2.2854913484E+00        2.641E-03        5.836
7            -2.2854905401E+00        5.518E-04        5.829
8            -2.2854905306E+00        4.921E-04        5.845
9            -2.2854905228E+00        1.771E-04        5.851
10           -2.2854904903E+00        4.816E-05        5.833
11           -2.2854905026E+00        2.738E-05        5.843
12           -2.2854905006E+00        5.345E-06        5.836
Total number of SCF: 12    
====================================================================
                    Energy and force calculation                    
====================================================================
Free energy per atom               : -2.2854905006E+00 (Ha/atom)
Total free energy                  : -9.1419620024E+00 (Ha)
Band structure energy              :  1.2662214641E-01 (Ha)
Exchange correlation energy        : -4.4651092526E+00 (Ha)
Self and correction energy         : -1.2499201520E+01 (Ha)
-Entropy*kb*T                      : -1.8022649694E-04 (Ha)
Fermi level                        :  1.7651665308E-01 (Ha)
RMS force                          :  1.2698691050E-01 (Ha/Bohr)
Maximum force                      :  1.6359282135E-01 (Ha/Bohr)
Time for force calculation         :  0.194 (sec)
***************************************************************************
                               Timing info                                 
***************************************************************************
Total walltime                     :  90.332 sec
___________________________________________________________________________

***************************************************************************
*             Material Physics & Mechanics Group, Georgia Tech            *
*                       PI: Phanish Suryanarayana                         *
*               List of contributors: See the documentation               *
*         Citation: See README.md or the documentation for details        *
*  Acknowledgements: U.S. DOE SC (DE-SC0019410), U.S. DOE NNSA (ASC)      *
*      {Preliminary developments: U.S. NSF (1333500,1663244,1553212)}     *
***************************************************************************
                                                                           
