***************************************************************************
*                       SPARC (version Oct 31, 2023)                      *
*   Copyright (c) 2020 Material Physics & Mechanics Group, Georgia Tech   *
*           Distributed under GNU General Public License 3 (GPL)          *
*                   Start time: Wed Nov  8 10:58:18 2023                  *
***************************************************************************
                           Input parameters                                
***************************************************************************
LATVEC_SCALE: 7.653391 7.653391 7.653391 
LATVEC:
1.000000000000000 0.000000000000000 0.000000000000000 
0.000000000000000 1.000000000000000 0.000000000000000 
0.000000000000000 0.000000000000000 1.000000000000000 
FD_GRID: 40 40 40
FD_ORDER: 12
BC: P P P
KPOINT_GRID: 11 11 11
KPOINT_SHIFT: 0 0 0
SPIN_TYP: 0
ELEC_TEMP_TYPE: Fermi-Dirac
SMEARING: 0.0009999999215
EXCHANGE_CORRELATION: GGA_PBE
NSTATES: 12
CHEB_DEGREE: 36
CHEFSI_BOUND_FLAG: 0
CALC_STRESS: 0
CALC_PRES: 0
MAXIT_SCF: 100
MINIT_SCF: 2
MAXIT_POISSON: 3000
TOL_SCF: 1.00E-05
POISSON_SOLVER: AAR
TOL_POISSON: 1.00E-07
TOL_LANCZOS: 1.00E-02
TOL_PSEUDOCHARGE: 1.00E-08
MIXING_VARIABLE: density
MIXING_PRECOND: kerker
TOL_PRECOND: 3.66E-05
PRECOND_KERKER_KTF: 1
PRECOND_KERKER_THRESH: 0.1
MIXING_PARAMETER: 0.1
MIXING_HISTORY: 7
PULAY_FREQUENCY: 1
PULAY_RESTART: 0
REFERENCE_CUTOFF: 0.5
RHO_TRIGGER: 4
NUM_CHEFSI: 1
FIX_RAND: 0
VERBOSITY: 1
PRINT_FORCES: 1
PRINT_ATOMS: 1
PRINT_EIGEN: 1
PRINT_DENSITY: 1
PRINT_ENERGY_DENSITY: 0
OUTPUT_FILE: AL_51_TRICLINIC_4_ATOMS
***************************************************************************
                                Cell                                       
***************************************************************************
Lattice vectors (Bohr):
7.653391000000000 0.000000000000000 0.000000000000000 
0.000000000000000 7.653391000000000 0.000000000000000 
0.000000000000000 0.000000000000000 7.653391000000000 
Volume: 4.4829273833E+02 (Bohr^3)
Density: 2.4074928093E-01 (amu/Bohr^3), 2.6978058821E+00 (g/cc)
***************************************************************************
                           Parallelization                                 
***************************************************************************
NP_SPIN_PARAL: 1
NP_KPOINT_PARAL: 96
NP_BAND_PARAL: 4
NP_DOMAIN_PARAL: 1 1 1
NP_DOMAIN_PHI_PARAL: 6 6 6
EIG_SERIAL_MAXNS: 1500
***************************************************************************
                             Initialization                                
***************************************************************************
Number of processors               :  384
Mesh spacing                       :  0.191335 (Bohr)
Number of symmetry adapted k-points:  666
Output printed to                  :  AL_51_TRICLINIC_4_ATOMS.out
Final eigenvalues printed to       :  AL_51_TRICLINIC_4_ATOMS.eigen
Total number of atom types         :  1
Total number of atoms              :  4
Total number of electrons          :  12
Atom type 1  (valence electrons)   :  Al 3
Pseudopotential                    :  /storage/home/hcoda1/5/strivedi44/scratch/SPARC/psps/13_Al_3_1.9_1.9_pbe_n_v1.0.psp8
Atomic mass                        :  26.9815386
Pseudocharge radii of atom type 1  :  6.70 6.70 6.70 (x, y, z dir)
Number of atoms of type 1          :  4
Estimated total memory usage       :  15.05 GB
Estimated memory per processor     :  40.12 MB
===================================================================
                    Self Consistent Field (SCF#1)                     
===================================================================
Iteration     Free Energy (Ha/atom)   SCF Error        Timing (sec)
1            -2.2988251979E+00        1.760E-01        14.270
2            -2.3045771119E+00        1.607E-01        3.362
3            -2.3020741986E+00        2.639E-02        3.309
4            -2.3020884408E+00        2.250E-02        3.313
5            -2.3020438246E+00        8.908E-03        3.298
6            -2.3020314667E+00        2.216E-03        3.287
7            -2.3020312048E+00        6.671E-04        3.307
8            -2.3020311434E+00        1.794E-04        3.342
9            -2.3020311839E+00        1.656E-04        3.296
10           -2.3020311425E+00        2.448E-05        3.294
11           -2.3020311586E+00        1.809E-05        3.290
12           -2.3020311699E+00        2.982E-06        3.311
Total number of SCF: 12    
====================================================================
                    Energy and force calculation                    
====================================================================
Free energy per atom               : -2.3020311699E+00 (Ha/atom)
Total free energy                  : -9.2081246796E+00 (Ha)
Band structure energy              :  1.5620237557E-01 (Ha)
Exchange correlation energy        : -4.4394252239E+00 (Ha)
Self and correction energy         : -1.2498804202E+01 (Ha)
-Entropy*kb*T                      : -1.5515229837E-04 (Ha)
Fermi level                        :  1.7704986533E-01 (Ha)
RMS force                          :  6.6608508232E-02 (Ha/Bohr)
Maximum force                      :  9.4723824283E-02 (Ha/Bohr)
Time for force calculation         :  0.118 (sec)
***************************************************************************
                               Timing info                                 
***************************************************************************
Total walltime                     :  51.165 sec
___________________________________________________________________________

***************************************************************************
*             Material Physics & Mechanics Group, Georgia Tech            *
*                       PI: Phanish Suryanarayana                         *
*               List of contributors: See the documentation               *
*         Citation: See README.md or the documentation for details        *
*  Acknowledgements: U.S. DOE SC (DE-SC0019410), U.S. DOE NNSA (ASC)      *
*      {Preliminary developments: U.S. NSF (1333500,1663244,1553212)}     *
***************************************************************************
                                                                           
