***************************************************************************
*                       SPARC (version Oct 31, 2023)                      *
*   Copyright (c) 2020 Material Physics & Mechanics Group, Georgia Tech   *
*           Distributed under GNU General Public License 3 (GPL)          *
*                   Start time: Tue Nov  7 23:39:21 2023                  *
***************************************************************************
                           Input parameters                                
***************************************************************************
LATVEC_SCALE: 15.2653873506527 15.2653873506527 15.2653873506527 
LATVEC:
1.000000000000000 0.000000000000000 0.000000000000000 
0.000000000000000 1.000000000000000 0.000000000000000 
0.000000000000000 0.000000000000000 1.000000000000000 
FD_GRID: 80 80 80
FD_ORDER: 12
BC: P P P
KPOINT_GRID: 8 8 8
KPOINT_SHIFT: 0.5 0.5 0.5
SPIN_TYP: 0
ELEC_TEMP_TYPE: Fermi-Dirac
SMEARING: 0.0009999999215
EXCHANGE_CORRELATION: GGA_PBE
NSTATES: 62
CHEB_DEGREE: 36
CHEFSI_BOUND_FLAG: 0
CALC_STRESS: 0
CALC_PRES: 0
MAXIT_SCF: 100
MINIT_SCF: 2
MAXIT_POISSON: 3000
TOL_SCF: 1.00E-05
POISSON_SOLVER: AAR
TOL_POISSON: 1.00E-07
TOL_LANCZOS: 1.00E-02
TOL_PSEUDOCHARGE: 1.00E-08
MIXING_VARIABLE: density
MIXING_PRECOND: kerker
TOL_PRECOND: 3.64E-05
PRECOND_KERKER_KTF: 1
PRECOND_KERKER_THRESH: 0.1
MIXING_PARAMETER: 0.1
MIXING_HISTORY: 7
PULAY_FREQUENCY: 1
PULAY_RESTART: 0
REFERENCE_CUTOFF: 0.5
RHO_TRIGGER: 4
NUM_CHEFSI: 1
FIX_RAND: 0
VERBOSITY: 1
PRINT_FORCES: 1
PRINT_ATOMS: 1
PRINT_EIGEN: 1
PRINT_DENSITY: 1
PRINT_ENERGY_DENSITY: 0
OUTPUT_FILE: AL_0_32_ATOMS
***************************************************************************
                                Cell                                       
***************************************************************************
Lattice vectors (Bohr):
15.265387350652707 0.000000000000000 0.000000000000000 
0.000000000000000 15.265387350652707 0.000000000000000 
0.000000000000000 0.000000000000000 15.265387350652707 
Volume: 3.5573245231E+03 (Bohr^3)
Density: 2.4271309227E-01 (amu/Bohr^3), 2.7198121026E+00 (g/cc)
***************************************************************************
                           Parallelization                                 
***************************************************************************
NP_SPIN_PARAL: 1
NP_KPOINT_PARAL: 130
NP_BAND_PARAL: 7
NP_DOMAIN_PARAL: 1 1 1
NP_DOMAIN_PHI_PARAL: 7 10 13
EIG_SERIAL_MAXNS: 1500
***************************************************************************
                             Initialization                                
***************************************************************************
Number of processors               :  912
Mesh spacing                       :  0.190817 (Bohr)
Number of symmetry adapted k-points:  256
Output printed to                  :  AL_0_32_ATOMS.out_16
Final eigenvalues printed to       :  AL_0_32_ATOMS.eigen_16
Total number of atom types         :  1
Total number of atoms              :  32
Total number of electrons          :  96
Atom type 1  (valence electrons)   :  Al 3
Pseudopotential                    :  /storage/home/hcoda1/5/strivedi44/scratch/SPARC/psps/13_Al_3_1.9_1.9_pbe_n_v1.0.psp8
Atomic mass                        :  26.9815386
Pseudocharge radii of atom type 1  :  6.87 6.87 6.87 (x, y, z dir)
Number of atoms of type 1          :  32
Estimated total memory usage       :  505.35 GB
Estimated memory per processor     :  567.41 MB
===================================================================
                    Self Consistent Field (SCF#1)                     
===================================================================
Iteration     Free Energy (Ha/atom)   SCF Error        Timing (sec)
1            -2.2887236429E+00        1.203E-01        106.209
2            -2.3146543730E+00        1.149E-01        27.874
3            -2.3202810924E+00        3.401E-02        28.442
4            -2.3221168066E+00        1.188E-02        27.844
5            -2.3227828300E+00        1.465E-02        28.358
6            -2.3229790312E+00        2.582E-03        27.751
7            -2.3230746770E+00        3.162E-03        20.757
8            -2.3231185167E+00        5.074E-03        21.239
9            -2.3231254182E+00        7.340E-04        21.258
10           -2.3231323565E+00        7.412E-04        22.307
11           -2.3231360158E+00        1.420E-03        20.728
12           -2.3231371201E+00        1.340E-03        20.778
13           -2.3231389124E+00        2.185E-03        20.747
14           -2.3231395637E+00        2.463E-03        21.273
15           -2.3231397965E+00        2.563E-03        21.217
16           -2.3231396279E+00        2.473E-03        20.764
17           -2.3231386612E+00        1.889E-03        21.241
18           -2.3231374721E+00        2.720E-04        21.303
19           -2.3231375451E+00        2.095E-04        21.327
20           -2.3231375404E+00        1.524E-04        20.687
21           -2.3231375421E+00        4.245E-05        21.234
22           -2.3231375296E+00        3.891E-05        20.785
23           -2.3231375292E+00        2.537E-05        20.677
24           -2.3231375467E+00        1.641E-05        22.338
25           -2.3231375494E+00        1.885E-05        20.708
26           -2.3231375351E+00        2.012E-05        20.738
27           -2.3231375468E+00        1.079E-05        21.296
28           -2.3231375297E+00        1.367E-05        20.721
29           -2.3231375432E+00        1.379E-05        20.777
30           -2.3231375505E+00        7.397E-06        20.810
Total number of SCF: 30    
====================================================================
                    Energy and force calculation                    
====================================================================
Free energy per atom               : -2.3231375505E+00 (Ha/atom)
Total free energy                  : -7.4340401615E+01 (Ha)
Band structure energy              :  2.5118538718E+00 (Ha)
Exchange correlation energy        : -3.4951220624E+01 (Ha)
Self and correction energy         : -9.9991838862E+01 (Ha)
-Entropy*kb*T                      : -1.2516432939E-03 (Ha)
Fermi level                        :  1.8903854083E-01 (Ha)
RMS force                          :  1.0626739818E-02 (Ha/Bohr)
Maximum force                      :  2.1447988049E-02 (Ha/Bohr)
Time for force calculation         :  0.763 (sec)
***************************************************************************
                               Timing info                                 
***************************************************************************
Total walltime                     :  754.751 sec
___________________________________________________________________________

***************************************************************************
*             Material Physics & Mechanics Group, Georgia Tech            *
*                       PI: Phanish Suryanarayana                         *
*               List of contributors: See the documentation               *
*         Citation: See README.md or the documentation for details        *
*  Acknowledgements: U.S. DOE SC (DE-SC0019410), U.S. DOE NNSA (ASC)      *
*      {Preliminary developments: U.S. NSF (1333500,1663244,1553212)}     *
***************************************************************************
                                                                           
