***************************************************************************
*                       SPARC (version Oct 31, 2023)                      *
*   Copyright (c) 2020 Material Physics & Mechanics Group, Georgia Tech   *
*           Distributed under GNU General Public License 3 (GPL)          *
*                   Start time: Wed Nov  8 10:46:38 2023                  *
***************************************************************************
                           Input parameters                                
***************************************************************************
LATVEC_SCALE: 1 1 1 
LATVEC:
15.265387350652707 0.000000000000000 0.000000000000000 
0.000000000000000 15.265387350652707 0.000000000000000 
0.000000000000000 0.000000000000000 15.265387350652707 
FD_GRID: 80 80 80
FD_ORDER: 12
BC: P P P
KPOINT_GRID: 8 8 8
KPOINT_SHIFT: 0.5 0.5 0.5
SPIN_TYP: 0
ELEC_TEMP_TYPE: Fermi-Dirac
SMEARING: 0.0009999999215
EXCHANGE_CORRELATION: GGA_PBE
NSTATES: 62
CHEB_DEGREE: 36
CHEFSI_BOUND_FLAG: 0
CALC_STRESS: 0
CALC_PRES: 0
MAXIT_SCF: 100
MINIT_SCF: 2
MAXIT_POISSON: 3000
TOL_SCF: 1.00E-05
POISSON_SOLVER: AAR
TOL_POISSON: 1.00E-07
TOL_LANCZOS: 1.00E-02
TOL_PSEUDOCHARGE: 1.00E-08
MIXING_VARIABLE: density
MIXING_PRECOND: kerker
TOL_PRECOND: 3.64E-05
PRECOND_KERKER_KTF: 1
PRECOND_KERKER_THRESH: 0.1
MIXING_PARAMETER: 0.1
MIXING_HISTORY: 7
PULAY_FREQUENCY: 1
PULAY_RESTART: 0
REFERENCE_CUTOFF: 0.5
RHO_TRIGGER: 4
NUM_CHEFSI: 1
FIX_RAND: 0
VERBOSITY: 1
PRINT_FORCES: 1
PRINT_ATOMS: 1
PRINT_EIGEN: 1
PRINT_DENSITY: 1
PRINT_ENERGY_DENSITY: 0
OUTPUT_FILE: AL_1_32_ATOMS
***************************************************************************
                                Cell                                       
***************************************************************************
Lattice vectors (Bohr):
15.265387350652707 0.000000000000000 0.000000000000000 
0.000000000000000 15.265387350652707 0.000000000000000 
0.000000000000000 0.000000000000000 15.265387350652707 
Volume: 3.5573245231E+03 (Bohr^3)
Density: 2.4271309227E-01 (amu/Bohr^3), 2.7198121026E+00 (g/cc)
***************************************************************************
                           Parallelization                                 
***************************************************************************
NP_SPIN_PARAL: 1
NP_KPOINT_PARAL: 130
NP_BAND_PARAL: 7
NP_DOMAIN_PARAL: 1 1 1
NP_DOMAIN_PHI_PARAL: 7 10 13
EIG_SERIAL_MAXNS: 1500
***************************************************************************
                             Initialization                                
***************************************************************************
Number of processors               :  912
Mesh spacing                       :  0.190817 (Bohr)
Number of symmetry adapted k-points:  256
Output printed to                  :  AL_1_32_ATOMS.out
Final eigenvalues printed to       :  AL_1_32_ATOMS.eigen
Total number of atom types         :  1
Total number of atoms              :  32
Total number of electrons          :  96
Atom type 1  (valence electrons)   :  Al 3
Pseudopotential                    :  /storage/home/hcoda1/5/strivedi44/scratch/SPARC/psps/13_Al_3_1.9_1.9_pbe_n_v1.0.psp8
Atomic mass                        :  26.9815386
Pseudocharge radii of atom type 1  :  6.87 6.87 6.87 (x, y, z dir)
Number of atoms of type 1          :  32
Estimated total memory usage       :  505.35 GB
Estimated memory per processor     :  567.41 MB
===================================================================
                    Self Consistent Field (SCF#1)                     
===================================================================
Iteration     Free Energy (Ha/atom)   SCF Error        Timing (sec)
1            -2.2887338994E+00        1.201E-01        104.888
2            -2.3146744922E+00        1.148E-01        27.931
3            -2.3202953625E+00        3.550E-02        28.530
4            -2.3221250948E+00        1.164E-02        29.647
5            -2.3227855761E+00        1.395E-02        28.520
6            -2.3229853728E+00        2.399E-03        28.536
7            -2.3230802579E+00        2.943E-03        20.875
8            -2.3231230818E+00        4.835E-03        21.539
9            -2.3231309480E+00        8.165E-04        21.007
10           -2.3231377253E+00        7.585E-04        21.495
11           -2.3231410540E+00        1.175E-03        21.791
12           -2.3231421964E+00        1.129E-03        21.020
13           -2.3231424766E+00        7.838E-04        20.987
14           -2.3231426164E+00        4.846E-04        20.704
15           -2.3231426644E+00        1.990E-04        21.278
16           -2.3231428663E+00        5.702E-04        21.339
17           -2.3231427576E+00        2.411E-04        20.750
18           -2.3231427410E+00        3.218E-05        22.245
19           -2.3231427479E+00        1.999E-05        21.470
20           -2.3231427628E+00        1.457E-05        20.745
21           -2.3231427691E+00        1.622E-05        20.717
22           -2.3231427567E+00        8.773E-06        20.741
Total number of SCF: 22    
====================================================================
                    Energy and force calculation                    
====================================================================
Free energy per atom               : -2.3231427567E+00 (Ha/atom)
Total free energy                  : -7.4340568215E+01 (Ha)
Band structure energy              :  2.5182400656E+00 (Ha)
Exchange correlation energy        : -3.4948258465E+01 (Ha)
Self and correction energy         : -9.9991837360E+01 (Ha)
-Entropy*kb*T                      : -1.2336196605E-03 (Ha)
Fermi level                        :  1.8901333145E-01 (Ha)
RMS force                          :  1.0736367837E-02 (Ha/Bohr)
Maximum force                      :  2.2426097022E-02 (Ha/Bohr)
Time for force calculation         :  0.757 (sec)
***************************************************************************
                               Timing info                                 
***************************************************************************
Total walltime                     :  588.962 sec
___________________________________________________________________________

***************************************************************************
*             Material Physics & Mechanics Group, Georgia Tech            *
*                       PI: Phanish Suryanarayana                         *
*               List of contributors: See the documentation               *
*         Citation: See README.md or the documentation for details        *
*  Acknowledgements: U.S. DOE SC (DE-SC0019410), U.S. DOE NNSA (ASC)      *
*      {Preliminary developments: U.S. NSF (1333500,1663244,1553212)}     *
***************************************************************************
                                                                           
