***************************************************************************
*                       SPARC (version Oct 31, 2023)                      *
*   Copyright (c) 2020 Material Physics & Mechanics Group, Georgia Tech   *
*           Distributed under GNU General Public License 3 (GPL)          *
*                   Start time: Wed Nov  8 11:08:50 2023                  *
***************************************************************************
                           Input parameters                                
***************************************************************************
LATVEC_SCALE: 1 1 1 
LATVEC:
15.265387350652707 0.000000000000000 0.000000000000000 
0.000000000000000 15.265387350652707 0.000000000000000 
0.000000000000000 0.000000000000000 15.265387350652707 
FD_GRID: 80 80 80
FD_ORDER: 12
BC: P P P
KPOINT_GRID: 8 8 8
KPOINT_SHIFT: 0.5 0.5 0.5
SPIN_TYP: 0
ELEC_TEMP_TYPE: Fermi-Dirac
SMEARING: 0.0009999999215
EXCHANGE_CORRELATION: GGA_PBE
NSTATES: 62
CHEB_DEGREE: 36
CHEFSI_BOUND_FLAG: 0
CALC_STRESS: 0
CALC_PRES: 0
MAXIT_SCF: 100
MINIT_SCF: 2
MAXIT_POISSON: 3000
TOL_SCF: 1.00E-05
POISSON_SOLVER: AAR
TOL_POISSON: 1.00E-07
TOL_LANCZOS: 1.00E-02
TOL_PSEUDOCHARGE: 1.00E-08
MIXING_VARIABLE: density
MIXING_PRECOND: kerker
TOL_PRECOND: 3.64E-05
PRECOND_KERKER_KTF: 1
PRECOND_KERKER_THRESH: 0.1
MIXING_PARAMETER: 0.1
MIXING_HISTORY: 7
PULAY_FREQUENCY: 1
PULAY_RESTART: 0
REFERENCE_CUTOFF: 0.5
RHO_TRIGGER: 4
NUM_CHEFSI: 1
FIX_RAND: 0
VERBOSITY: 1
PRINT_FORCES: 1
PRINT_ATOMS: 1
PRINT_EIGEN: 1
PRINT_DENSITY: 1
PRINT_ENERGY_DENSITY: 0
OUTPUT_FILE: AL_2_32_ATOMS
***************************************************************************
                                Cell                                       
***************************************************************************
Lattice vectors (Bohr):
15.265387350652707 0.000000000000000 0.000000000000000 
0.000000000000000 15.265387350652707 0.000000000000000 
0.000000000000000 0.000000000000000 15.265387350652707 
Volume: 3.5573245231E+03 (Bohr^3)
Density: 2.4271309227E-01 (amu/Bohr^3), 2.7198121026E+00 (g/cc)
***************************************************************************
                           Parallelization                                 
***************************************************************************
NP_SPIN_PARAL: 1
NP_KPOINT_PARAL: 32
NP_BAND_PARAL: 21
NP_DOMAIN_PARAL: 1 1 1
NP_DOMAIN_PHI_PARAL: 7 8 12
EIG_SERIAL_MAXNS: 1500
***************************************************************************
                             Initialization                                
***************************************************************************
Number of processors               :  672
Mesh spacing                       :  0.190817 (Bohr)
Number of symmetry adapted k-points:  256
Output printed to                  :  AL_2_32_ATOMS.out
Final eigenvalues printed to       :  AL_2_32_ATOMS.eigen
Total number of atom types         :  1
Total number of atoms              :  32
Total number of electrons          :  96
Atom type 1  (valence electrons)   :  Al 3
Pseudopotential                    :  /storage/home/hcoda1/5/strivedi44/scratch/SPARC/psps/13_Al_3_1.9_1.9_pbe_n_v1.0.psp8
Atomic mass                        :  26.9815386
Pseudocharge radii of atom type 1  :  6.87 6.87 6.87 (x, y, z dir)
Number of atoms of type 1          :  32
Estimated total memory usage       :  224.90 GB
Estimated memory per processor     :  342.70 MB
===================================================================
                    Self Consistent Field (SCF#1)                     
===================================================================
Iteration     Free Energy (Ha/atom)   SCF Error        Timing (sec)
1            -2.2886862180E+00        1.212E-01        151.172
2            -2.3145975261E+00        1.156E-01        31.886
3            -2.3202518622E+00        3.454E-02        31.642
4            -2.3220262316E+00        1.593E-02        31.682
5            -2.3227777050E+00        2.395E-02        31.487
6            -2.3228498212E+00        3.958E-03        31.617
7            -2.3229501416E+00        5.301E-03        32.082
8            -2.3230057745E+00        8.594E-03        33.340
9            -2.3229940490E+00        1.103E-03        31.546
10           -2.3230014971E+00        9.204E-04        31.490
11           -2.3230058858E+00        1.941E-03        31.826
12           -2.3230056924E+00        2.262E-04        31.576
13           -2.3230063919E+00        4.960E-04        31.621
14           -2.3230065641E+00        1.607E-04        31.553
15           -2.3230066936E+00        2.213E-04        31.537
16           -2.3230067821E+00        3.512E-04        31.530
17           -2.3230067881E+00        2.448E-04        33.990
18           -2.3230067721E+00        2.590E-05        31.704
19           -2.3230067914E+00        1.304E-05        31.558
20           -2.3230067665E+00        1.120E-05        31.669
21           -2.3230067717E+00        2.597E-05        31.660
22           -2.3230067896E+00        1.805E-05        31.612
23           -2.3230067795E+00        2.109E-05        31.723
24           -2.3230067914E+00        7.772E-06        31.655
Total number of SCF: 24    
====================================================================
                    Energy and force calculation                    
====================================================================
Free energy per atom               : -2.3230067914E+00 (Ha/atom)
Total free energy                  : -7.4336217323E+01 (Ha)
Band structure energy              :  2.5020415893E+00 (Ha)
Exchange correlation energy        : -3.4956572312E+01 (Ha)
Self and correction energy         : -9.9991824656E+01 (Ha)
-Entropy*kb*T                      : -1.2327112986E-03 (Ha)
Fermi level                        :  1.8889584768E-01 (Ha)
RMS force                          :  1.1957072649E-02 (Ha/Bohr)
Maximum force                      :  2.7145255635E-02 (Ha/Bohr)
Time for force calculation         :  1.138 (sec)
***************************************************************************
                               Timing info                                 
***************************************************************************
Total walltime                     :  886.362 sec
___________________________________________________________________________

***************************************************************************
*             Material Physics & Mechanics Group, Georgia Tech            *
*                       PI: Phanish Suryanarayana                         *
*               List of contributors: See the documentation               *
*         Citation: See README.md or the documentation for details        *
*  Acknowledgements: U.S. DOE SC (DE-SC0019410), U.S. DOE NNSA (ASC)      *
*      {Preliminary developments: U.S. NSF (1333500,1663244,1553212)}     *
***************************************************************************
                                                                           
