***************************************************************************
*                       SPARC (version Oct 31, 2023)                      *
*   Copyright (c) 2020 Material Physics & Mechanics Group, Georgia Tech   *
*           Distributed under GNU General Public License 3 (GPL)          *
*                   Start time: Wed Nov  8 11:27:25 2023                  *
***************************************************************************
                           Input parameters                                
***************************************************************************
LATVEC_SCALE: 1 1 1 
LATVEC:
15.265387350652707 0.000000000000000 0.000000000000000 
0.000000000000000 15.265387350652707 0.000000000000000 
0.000000000000000 0.000000000000000 15.265387350652707 
FD_GRID: 80 80 80
FD_ORDER: 12
BC: P P P
KPOINT_GRID: 8 8 8
KPOINT_SHIFT: 0.5 0.5 0.5
SPIN_TYP: 0
ELEC_TEMP_TYPE: Fermi-Dirac
SMEARING: 0.0009999999215
EXCHANGE_CORRELATION: GGA_PBE
NSTATES: 62
CHEB_DEGREE: 36
CHEFSI_BOUND_FLAG: 0
CALC_STRESS: 0
CALC_PRES: 0
MAXIT_SCF: 100
MINIT_SCF: 2
MAXIT_POISSON: 3000
TOL_SCF: 1.00E-05
POISSON_SOLVER: AAR
TOL_POISSON: 1.00E-07
TOL_LANCZOS: 1.00E-02
TOL_PSEUDOCHARGE: 1.00E-08
MIXING_VARIABLE: density
MIXING_PRECOND: kerker
TOL_PRECOND: 3.64E-05
PRECOND_KERKER_KTF: 1
PRECOND_KERKER_THRESH: 0.1
MIXING_PARAMETER: 0.1
MIXING_HISTORY: 7
PULAY_FREQUENCY: 1
PULAY_RESTART: 0
REFERENCE_CUTOFF: 0.5
RHO_TRIGGER: 4
NUM_CHEFSI: 1
FIX_RAND: 0
VERBOSITY: 1
PRINT_FORCES: 1
PRINT_ATOMS: 1
PRINT_EIGEN: 1
PRINT_DENSITY: 1
PRINT_ENERGY_DENSITY: 0
OUTPUT_FILE: AL_3_32_ATOMS
***************************************************************************
                                Cell                                       
***************************************************************************
Lattice vectors (Bohr):
15.265387350652707 0.000000000000000 0.000000000000000 
0.000000000000000 15.265387350652707 0.000000000000000 
0.000000000000000 0.000000000000000 15.265387350652707 
Volume: 3.5573245231E+03 (Bohr^3)
Density: 2.4271309227E-01 (amu/Bohr^3), 2.7198121026E+00 (g/cc)
***************************************************************************
                           Parallelization                                 
***************************************************************************
NP_SPIN_PARAL: 1
NP_KPOINT_PARAL: 32
NP_BAND_PARAL: 21
NP_DOMAIN_PARAL: 1 1 1
NP_DOMAIN_PHI_PARAL: 7 8 12
EIG_SERIAL_MAXNS: 1500
***************************************************************************
                             Initialization                                
***************************************************************************
Number of processors               :  672
Mesh spacing                       :  0.190817 (Bohr)
Number of symmetry adapted k-points:  256
Output printed to                  :  AL_3_32_ATOMS.out
Final eigenvalues printed to       :  AL_3_32_ATOMS.eigen
Total number of atom types         :  1
Total number of atoms              :  32
Total number of electrons          :  96
Atom type 1  (valence electrons)   :  Al 3
Pseudopotential                    :  /storage/home/hcoda1/5/strivedi44/scratch/SPARC/psps/13_Al_3_1.9_1.9_pbe_n_v1.0.psp8
Atomic mass                        :  26.9815386
Pseudocharge radii of atom type 1  :  6.87 6.87 6.87 (x, y, z dir)
Number of atoms of type 1          :  32
Estimated total memory usage       :  224.90 GB
Estimated memory per processor     :  342.70 MB
===================================================================
                    Self Consistent Field (SCF#1)                     
===================================================================
Iteration     Free Energy (Ha/atom)   SCF Error        Timing (sec)
1            -2.2889412283E+00        1.200E-01        140.500
2            -2.3148011298E+00        1.146E-01        28.719
3            -2.3204437918E+00        3.485E-02        28.921
4            -2.3222495849E+00        1.370E-02        28.811
5            -2.3229436778E+00        1.879E-02        28.612
6            -2.3230912002E+00        3.501E-03        28.842
7            -2.3231872088E+00        4.485E-03        28.912
8            -2.3232339070E+00        6.726E-03        28.893
9            -2.3232329756E+00        8.715E-04        28.796
10           -2.3232400837E+00        9.131E-04        28.756
11           -2.3232451484E+00        2.390E-03        28.790
12           -2.3232444709E+00        1.198E-03        30.520
13           -2.3232446510E+00        3.293E-04        28.999
14           -2.3232448829E+00        2.166E-04        28.824
15           -2.3232449981E+00        2.103E-04        28.906
16           -2.3232450640E+00        2.708E-04        28.794
17           -2.3232451076E+00        3.308E-04        29.405
18           -2.3232450927E+00        2.526E-04        29.043
19           -2.3232450729E+00        7.334E-05        28.970
20           -2.3232450813E+00        4.806E-05        28.883
21           -2.3232450858E+00        2.314E-05        29.236
22           -2.3232450916E+00        4.048E-05        30.763
23           -2.3232450834E+00        4.234E-05        28.979
24           -2.3232450725E+00        1.985E-05        28.903
25           -2.3232450799E+00        8.439E-06        29.048
Total number of SCF: 25    
====================================================================
                    Energy and force calculation                    
====================================================================
Free energy per atom               : -2.3232450799E+00 (Ha/atom)
Total free energy                  : -7.4343842556E+01 (Ha)
Band structure energy              :  2.5203752592E+00 (Ha)
Exchange correlation energy        : -3.4946515763E+01 (Ha)
Self and correction energy         : -9.9991859900E+01 (Ha)
-Entropy*kb*T                      : -1.2081023063E-03 (Ha)
Fermi level                        :  1.8906078310E-01 (Ha)
RMS force                          :  1.0745529592E-02 (Ha/Bohr)
Maximum force                      :  2.3540521620E-02 (Ha/Bohr)
Time for force calculation         :  1.058 (sec)
***************************************************************************
                               Timing info                                 
***************************************************************************
Total walltime                     :  840.831 sec
___________________________________________________________________________

***************************************************************************
*             Material Physics & Mechanics Group, Georgia Tech            *
*                       PI: Phanish Suryanarayana                         *
*               List of contributors: See the documentation               *
*         Citation: See README.md or the documentation for details        *
*  Acknowledgements: U.S. DOE SC (DE-SC0019410), U.S. DOE NNSA (ASC)      *
*      {Preliminary developments: U.S. NSF (1333500,1663244,1553212)}     *
***************************************************************************
                                                                           
