***************************************************************************
*                       SPARC (version Oct 31, 2023)                      *
*   Copyright (c) 2020 Material Physics & Mechanics Group, Georgia Tech   *
*           Distributed under GNU General Public License 3 (GPL)          *
*                   Start time: Wed Nov  8 11:27:46 2023                  *
***************************************************************************
                           Input parameters                                
***************************************************************************
LATVEC_SCALE: 1 1 1 
LATVEC:
15.265387350652707 0.000000000000000 0.000000000000000 
0.000000000000000 15.265387350652707 0.000000000000000 
0.000000000000000 0.000000000000000 15.265387350652707 
FD_GRID: 80 80 80
FD_ORDER: 12
BC: P P P
KPOINT_GRID: 8 8 8
KPOINT_SHIFT: 0.5 0.5 0.5
SPIN_TYP: 0
ELEC_TEMP_TYPE: Fermi-Dirac
SMEARING: 0.0009999999215
EXCHANGE_CORRELATION: GGA_PBE
NSTATES: 62
CHEB_DEGREE: 36
CHEFSI_BOUND_FLAG: 0
CALC_STRESS: 0
CALC_PRES: 0
MAXIT_SCF: 100
MINIT_SCF: 2
MAXIT_POISSON: 3000
TOL_SCF: 1.00E-05
POISSON_SOLVER: AAR
TOL_POISSON: 1.00E-07
TOL_LANCZOS: 1.00E-02
TOL_PSEUDOCHARGE: 1.00E-08
MIXING_VARIABLE: density
MIXING_PRECOND: kerker
TOL_PRECOND: 3.64E-05
PRECOND_KERKER_KTF: 1
PRECOND_KERKER_THRESH: 0.1
MIXING_PARAMETER: 0.1
MIXING_HISTORY: 7
PULAY_FREQUENCY: 1
PULAY_RESTART: 0
REFERENCE_CUTOFF: 0.5
RHO_TRIGGER: 4
NUM_CHEFSI: 1
FIX_RAND: 0
VERBOSITY: 1
PRINT_FORCES: 1
PRINT_ATOMS: 1
PRINT_EIGEN: 1
PRINT_DENSITY: 1
PRINT_ENERGY_DENSITY: 0
OUTPUT_FILE: AL_7_32_ATOMS
***************************************************************************
                                Cell                                       
***************************************************************************
Lattice vectors (Bohr):
15.265387350652707 0.000000000000000 0.000000000000000 
0.000000000000000 15.265387350652707 0.000000000000000 
0.000000000000000 0.000000000000000 15.265387350652707 
Volume: 3.5573245231E+03 (Bohr^3)
Density: 2.4271309227E-01 (amu/Bohr^3), 2.7198121026E+00 (g/cc)
***************************************************************************
                           Parallelization                                 
***************************************************************************
NP_SPIN_PARAL: 1
NP_KPOINT_PARAL: 32
NP_BAND_PARAL: 21
NP_DOMAIN_PARAL: 1 1 1
NP_DOMAIN_PHI_PARAL: 7 8 12
EIG_SERIAL_MAXNS: 1500
***************************************************************************
                             Initialization                                
***************************************************************************
Number of processors               :  672
Mesh spacing                       :  0.190817 (Bohr)
Number of symmetry adapted k-points:  256
Output printed to                  :  AL_7_32_ATOMS.out
Final eigenvalues printed to       :  AL_7_32_ATOMS.eigen
Total number of atom types         :  1
Total number of atoms              :  32
Total number of electrons          :  96
Atom type 1  (valence electrons)   :  Al 3
Pseudopotential                    :  /storage/home/hcoda1/5/strivedi44/scratch/SPARC/psps/13_Al_3_1.9_1.9_pbe_n_v1.0.psp8
Atomic mass                        :  26.9815386
Pseudocharge radii of atom type 1  :  6.87 6.87 6.87 (x, y, z dir)
Number of atoms of type 1          :  32
Estimated total memory usage       :  224.90 GB
Estimated memory per processor     :  342.70 MB
===================================================================
                    Self Consistent Field (SCF#1)                     
===================================================================
Iteration     Free Energy (Ha/atom)   SCF Error        Timing (sec)
1            -2.2888897117E+00        1.198E-01        152.324
2            -2.3148093553E+00        1.145E-01        31.432
3            -2.3204621124E+00        3.310E-02        31.615
4            -2.3222759960E+00        1.328E-02        31.506
5            -2.3229713003E+00        1.887E-02        31.466
6            -2.3231184856E+00        3.804E-03        31.460
7            -2.3232161753E+00        4.865E-03        31.730
8            -2.3232643652E+00        7.072E-03        31.539
9            -2.3232619266E+00        8.498E-04        31.615
10           -2.3232696926E+00        1.302E-03        32.645
11           -2.3232759894E+00        3.103E-03        31.529
12           -2.3232734990E+00        7.695E-04        31.446
13           -2.3232740862E+00        5.441E-04        31.678
14           -2.3232743573E+00        5.187E-04        31.562
15           -2.3232745524E+00        5.813E-04        31.538
16           -2.3232744945E+00        3.451E-04        31.520
17           -2.3232745325E+00        3.683E-04        31.764
18           -2.3232745562E+00        4.124E-04        31.756
19           -2.3232745019E+00        7.385E-05        33.382
20           -2.3232745163E+00        5.140E-05        31.818
21           -2.3232745212E+00        1.676E-04        31.571
22           -2.3232745137E+00        8.321E-06        31.618
Total number of SCF: 22    
====================================================================
                    Energy and force calculation                    
====================================================================
Free energy per atom               : -2.3232745137E+00 (Ha/atom)
Total free energy                  : -7.4344784438E+01 (Ha)
Band structure energy              :  2.5233331012E+00 (Ha)
Exchange correlation energy        : -3.4945227161E+01 (Ha)
Self and correction energy         : -9.9991857076E+01 (Ha)
-Entropy*kb*T                      : -1.2384849669E-03 (Ha)
Fermi level                        :  1.8892363457E-01 (Ha)
RMS force                          :  1.0344416442E-02 (Ha/Bohr)
Maximum force                      :  1.9008242836E-02 (Ha/Bohr)
Time for force calculation         :  1.109 (sec)
***************************************************************************
                               Timing info                                 
***************************************************************************
Total walltime                     :  821.052 sec
___________________________________________________________________________

***************************************************************************
*             Material Physics & Mechanics Group, Georgia Tech            *
*                       PI: Phanish Suryanarayana                         *
*               List of contributors: See the documentation               *
*         Citation: See README.md or the documentation for details        *
*  Acknowledgements: U.S. DOE SC (DE-SC0019410), U.S. DOE NNSA (ASC)      *
*      {Preliminary developments: U.S. NSF (1333500,1663244,1553212)}     *
***************************************************************************
                                                                           
