***************************************************************************
*                       SPARC (version Oct 31, 2023)                      *
*   Copyright (c) 2020 Material Physics & Mechanics Group, Georgia Tech   *
*           Distributed under GNU General Public License 3 (GPL)          *
*                   Start time: Wed Nov  8 12:01:56 2023                  *
***************************************************************************
                           Input parameters                                
***************************************************************************
LATVEC_SCALE: 1 1 1 
LATVEC:
15.265387350652707 0.000000000000000 0.000000000000000 
0.000000000000000 15.265387350652707 0.000000000000000 
0.000000000000000 0.000000000000000 15.265387350652707 
FD_GRID: 80 80 80
FD_ORDER: 12
BC: P P P
KPOINT_GRID: 8 8 8
KPOINT_SHIFT: 0.5 0.5 0.5
SPIN_TYP: 0
ELEC_TEMP_TYPE: Fermi-Dirac
SMEARING: 0.0009999999215
EXCHANGE_CORRELATION: GGA_PBE
NSTATES: 62
CHEB_DEGREE: 36
CHEFSI_BOUND_FLAG: 0
CALC_STRESS: 0
CALC_PRES: 0
MAXIT_SCF: 100
MINIT_SCF: 2
MAXIT_POISSON: 3000
TOL_SCF: 1.00E-05
POISSON_SOLVER: AAR
TOL_POISSON: 1.00E-07
TOL_LANCZOS: 1.00E-02
TOL_PSEUDOCHARGE: 1.00E-08
MIXING_VARIABLE: density
MIXING_PRECOND: kerker
TOL_PRECOND: 3.64E-05
PRECOND_KERKER_KTF: 1
PRECOND_KERKER_THRESH: 0.1
MIXING_PARAMETER: 0.1
MIXING_HISTORY: 7
PULAY_FREQUENCY: 1
PULAY_RESTART: 0
REFERENCE_CUTOFF: 0.5
RHO_TRIGGER: 4
NUM_CHEFSI: 1
FIX_RAND: 0
VERBOSITY: 1
PRINT_FORCES: 1
PRINT_ATOMS: 1
PRINT_EIGEN: 1
PRINT_DENSITY: 1
PRINT_ENERGY_DENSITY: 0
OUTPUT_FILE: AL_8_32_ATOMS
***************************************************************************
                                Cell                                       
***************************************************************************
Lattice vectors (Bohr):
15.265387350652707 0.000000000000000 0.000000000000000 
0.000000000000000 15.265387350652707 0.000000000000000 
0.000000000000000 0.000000000000000 15.265387350652707 
Volume: 3.5573245231E+03 (Bohr^3)
Density: 2.4271309227E-01 (amu/Bohr^3), 2.7198121026E+00 (g/cc)
***************************************************************************
                           Parallelization                                 
***************************************************************************
NP_SPIN_PARAL: 1
NP_KPOINT_PARAL: 32
NP_BAND_PARAL: 21
NP_DOMAIN_PARAL: 1 1 1
NP_DOMAIN_PHI_PARAL: 7 8 12
EIG_SERIAL_MAXNS: 1500
***************************************************************************
                             Initialization                                
***************************************************************************
Number of processors               :  672
Mesh spacing                       :  0.190817 (Bohr)
Number of symmetry adapted k-points:  256
Output printed to                  :  AL_8_32_ATOMS.out
Final eigenvalues printed to       :  AL_8_32_ATOMS.eigen
Total number of atom types         :  1
Total number of atoms              :  32
Total number of electrons          :  96
Atom type 1  (valence electrons)   :  Al 3
Pseudopotential                    :  /storage/home/hcoda1/5/strivedi44/scratch/SPARC/psps/13_Al_3_1.9_1.9_pbe_n_v1.0.psp8
Atomic mass                        :  26.9815386
Pseudocharge radii of atom type 1  :  6.87 6.87 6.87 (x, y, z dir)
Number of atoms of type 1          :  32
Estimated total memory usage       :  224.90 GB
Estimated memory per processor     :  342.70 MB
===================================================================
                    Self Consistent Field (SCF#1)                     
===================================================================
Iteration     Free Energy (Ha/atom)   SCF Error        Timing (sec)
1            -2.2887587315E+00        1.198E-01        151.050
2            -2.3146920171E+00        1.144E-01        32.994
3            -2.3203253228E+00        3.285E-02        31.731
4            -2.3221665525E+00        1.169E-02        31.699
5            -2.3228284009E+00        1.441E-02        31.709
6            -2.3230260238E+00        2.453E-03        31.520
7            -2.3231222128E+00        2.995E-03        31.952
8            -2.3231652403E+00        4.591E-03        31.864
9            -2.3231745145E+00        7.707E-04        32.281
10           -2.3231816414E+00        7.448E-04        31.673
11           -2.3231854915E+00        1.474E-03        32.847
12           -2.3231867188E+00        1.471E-03        32.259
13           -2.3231895475E+00        2.767E-03        31.737
14           -2.3231900754E+00        2.976E-03        31.816
15           -2.3231885280E+00        2.203E-03        32.190
16           -2.3231869556E+00        5.134E-04        31.648
17           -2.3231870164E+00        2.724E-04        31.576
18           -2.3231872296E+00        7.220E-04        31.657
19           -2.3231870332E+00        4.888E-05        31.701
20           -2.3231870557E+00        5.696E-05        31.693
21           -2.3231870389E+00        4.864E-05        32.808
22           -2.3231870425E+00        1.803E-05        31.694
23           -2.3231870493E+00        1.404E-05        31.564
24           -2.3231870366E+00        1.157E-05        31.584
25           -2.3231870551E+00        1.254E-05        31.548
26           -2.3231870515E+00        1.216E-05        31.617
27           -2.3231870473E+00        6.304E-06        31.582
Total number of SCF: 27    
====================================================================
                    Energy and force calculation                    
====================================================================
Free energy per atom               : -2.3231870473E+00 (Ha/atom)
Total free energy                  : -7.4341985514E+01 (Ha)
Band structure energy              :  2.5178452189E+00 (Ha)
Exchange correlation energy        : -3.4948122448E+01 (Ha)
Self and correction energy         : -9.9991845545E+01 (Ha)
-Entropy*kb*T                      : -1.2424140921E-03 (Ha)
Fermi level                        :  1.8904753856E-01 (Ha)
RMS force                          :  1.0444948223E-02 (Ha/Bohr)
Maximum force                      :  2.3087262159E-02 (Ha/Bohr)
Time for force calculation         :  1.106 (sec)
***************************************************************************
                               Timing info                                 
***************************************************************************
Total walltime                     :  982.895 sec
___________________________________________________________________________

***************************************************************************
*             Material Physics & Mechanics Group, Georgia Tech            *
*                       PI: Phanish Suryanarayana                         *
*               List of contributors: See the documentation               *
*         Citation: See README.md or the documentation for details        *
*  Acknowledgements: U.S. DOE SC (DE-SC0019410), U.S. DOE NNSA (ASC)      *
*      {Preliminary developments: U.S. NSF (1333500,1663244,1553212)}     *
***************************************************************************
                                                                           
