***************************************************************************
*                       SPARC (version Oct 31, 2023)                      *
*   Copyright (c) 2020 Material Physics & Mechanics Group, Georgia Tech   *
*           Distributed under GNU General Public License 3 (GPL)          *
*                   Start time: Wed Nov  8 12:09:32 2023                  *
***************************************************************************
                           Input parameters                                
***************************************************************************
LATVEC_SCALE: 1 1 1 
LATVEC:
15.265387350652707 0.000000000000000 0.000000000000000 
0.000000000000000 15.265387350652707 0.000000000000000 
0.000000000000000 0.000000000000000 15.265387350652707 
FD_GRID: 80 80 80
FD_ORDER: 12
BC: P P P
KPOINT_GRID: 8 8 8
KPOINT_SHIFT: 0.5 0.5 0.5
SPIN_TYP: 0
ELEC_TEMP_TYPE: Fermi-Dirac
SMEARING: 0.0009999999215
EXCHANGE_CORRELATION: GGA_PBE
NSTATES: 62
CHEB_DEGREE: 36
CHEFSI_BOUND_FLAG: 0
CALC_STRESS: 0
CALC_PRES: 0
MAXIT_SCF: 100
MINIT_SCF: 2
MAXIT_POISSON: 3000
TOL_SCF: 1.00E-05
POISSON_SOLVER: AAR
TOL_POISSON: 1.00E-07
TOL_LANCZOS: 1.00E-02
TOL_PSEUDOCHARGE: 1.00E-08
MIXING_VARIABLE: density
MIXING_PRECOND: kerker
TOL_PRECOND: 3.64E-05
PRECOND_KERKER_KTF: 1
PRECOND_KERKER_THRESH: 0.1
MIXING_PARAMETER: 0.1
MIXING_HISTORY: 7
PULAY_FREQUENCY: 1
PULAY_RESTART: 0
REFERENCE_CUTOFF: 0.5
RHO_TRIGGER: 4
NUM_CHEFSI: 1
FIX_RAND: 0
VERBOSITY: 1
PRINT_FORCES: 1
PRINT_ATOMS: 1
PRINT_EIGEN: 1
PRINT_DENSITY: 1
PRINT_ENERGY_DENSITY: 0
OUTPUT_FILE: AL_9_32_ATOMS
***************************************************************************
                                Cell                                       
***************************************************************************
Lattice vectors (Bohr):
15.265387350652707 0.000000000000000 0.000000000000000 
0.000000000000000 15.265387350652707 0.000000000000000 
0.000000000000000 0.000000000000000 15.265387350652707 
Volume: 3.5573245231E+03 (Bohr^3)
Density: 2.4271309227E-01 (amu/Bohr^3), 2.7198121026E+00 (g/cc)
***************************************************************************
                           Parallelization                                 
***************************************************************************
NP_SPIN_PARAL: 1
NP_KPOINT_PARAL: 32
NP_BAND_PARAL: 21
NP_DOMAIN_PARAL: 1 1 1
NP_DOMAIN_PHI_PARAL: 7 8 12
EIG_SERIAL_MAXNS: 1500
***************************************************************************
                             Initialization                                
***************************************************************************
Number of processors               :  672
Mesh spacing                       :  0.190817 (Bohr)
Number of symmetry adapted k-points:  256
Output printed to                  :  AL_9_32_ATOMS.out
Final eigenvalues printed to       :  AL_9_32_ATOMS.eigen
Total number of atom types         :  1
Total number of atoms              :  32
Total number of electrons          :  96
Atom type 1  (valence electrons)   :  Al 3
Pseudopotential                    :  /storage/home/hcoda1/5/strivedi44/scratch/SPARC/psps/13_Al_3_1.9_1.9_pbe_n_v1.0.psp8
Atomic mass                        :  26.9815386
Pseudocharge radii of atom type 1  :  6.87 6.87 6.87 (x, y, z dir)
Number of atoms of type 1          :  32
Estimated total memory usage       :  224.90 GB
Estimated memory per processor     :  342.70 MB
===================================================================
                    Self Consistent Field (SCF#1)                     
===================================================================
Iteration     Free Energy (Ha/atom)   SCF Error        Timing (sec)
1            -2.2889864296E+00        1.198E-01        152.628
2            -2.3148363618E+00        1.144E-01        31.674
3            -2.3204769290E+00        3.248E-02        31.648
4            -2.3222910451E+00        1.370E-02        31.867
5            -2.3229936434E+00        1.938E-02        32.051
6            -2.3231315352E+00        3.780E-03        33.446
7            -2.3232284123E+00        4.905E-03        31.597
8            -2.3232771833E+00        7.332E-03        31.670
9            -2.3232726207E+00        9.017E-04        31.635
10           -2.3232801184E+00        1.195E-03        31.534
11           -2.3232870887E+00        3.323E-03        31.562
12           -2.3232839297E+00        8.511E-04        31.694
13           -2.3232844277E+00        4.813E-04        31.508
14           -2.3232847221E+00        4.855E-04        31.603
15           -2.3232847692E+00        2.069E-04        31.920
16           -2.3232848225E+00        7.584E-05        33.013
17           -2.3232848523E+00        1.179E-04        31.397
18           -2.3232848499E+00        8.809E-05        31.599
19           -2.3232848627E+00        7.582E-05        31.462
20           -2.3232848750E+00        6.341E-05        31.552
21           -2.3232848505E+00        9.294E-06        31.588
Total number of SCF: 21    
====================================================================
                    Energy and force calculation                    
====================================================================
Free energy per atom               : -2.3232848505E+00 (Ha/atom)
Total free energy                  : -7.4345115215E+01 (Ha)
Band structure energy              :  2.5207760367E+00 (Ha)
Exchange correlation energy        : -3.4945884673E+01 (Ha)
Self and correction energy         : -9.9991859937E+01 (Ha)
-Entropy*kb*T                      : -1.2003876670E-03 (Ha)
Fermi level                        :  1.8898877601E-01 (Ha)
RMS force                          :  1.0282813918E-02 (Ha/Bohr)
Maximum force                      :  1.8707584058E-02 (Ha/Bohr)
Time for force calculation         :  1.123 (sec)
***************************************************************************
                               Timing info                                 
***************************************************************************
Total walltime                     :  791.246 sec
___________________________________________________________________________

***************************************************************************
*             Material Physics & Mechanics Group, Georgia Tech            *
*                       PI: Phanish Suryanarayana                         *
*               List of contributors: See the documentation               *
*         Citation: See README.md or the documentation for details        *
*  Acknowledgements: U.S. DOE SC (DE-SC0019410), U.S. DOE NNSA (ASC)      *
*      {Preliminary developments: U.S. NSF (1333500,1663244,1553212)}     *
***************************************************************************
                                                                           
